<?xml version="1.0" encoding="UTF-8"?>
<!-- Generated by org.testng.reporters.JUnitReportReporter -->
<testsuite hostname="EGYPID-Amnabil" failures="0" tests="2" name="Demo.TestNGIgnireDemo" time="0.008" errors="0" timestamp="15 Dec 2019 16:33:02 GMT" skipped="1">
  <testcase classname="Demo.TestNGIgnireDemo" name="Test2" time="0.008"/>
  <testcase classname="Demo.TestNGIgnireDemo" name="Test1">
    <skipped/>
  </testcase> <!-- Test1 -->
</testsuite> <!-- Demo.TestNGIgnireDemo -->
