<?xml version="1.0" encoding="UTF-8"?>
<!-- Generated by org.testng.reporters.JUnitReportReporter -->
<testsuite hostname="EGYPID-Amnabil" failures="0" tests="4" name="Demo.TestNGGroupingDemo" time="0.015" errors="0" timestamp="28 Nov 2019 13:00:54 GMT" skipped="0">
  <testcase classname="Demo.TestNGGroupingDemo" name="Test4" time="0.001"/>
  <testcase classname="Demo.TestNGGroupingDemo" name="Test2" time="0.001"/>
  <testcase classname="Demo.TestNGGroupingDemo" name="Test3" time="0.001"/>
  <testcase classname="Demo.TestNGGroupingDemo" name="Test1" time="0.012"/>
</testsuite> <!-- Demo.TestNGGroupingDemo -->
