<?xml version="1.0" encoding="UTF-8"?>
<!-- Generated by org.testng.reporters.JUnitReportReporter -->
<testsuite hostname="EGYPID-Amnabil" failures="0" tests="3" name="Demo.TestpriorityDemo" time="0.017" errors="0" timestamp="12 Nov 2019 13:31:24 GMT" skipped="0">
  <testcase classname="Demo.TestpriorityDemo" name="test3" time="0.012"/>
  <testcase classname="Demo.TestpriorityDemo" name="test1" time="0.002"/>
  <testcase classname="Demo.TestpriorityDemo" name="test2" time="0.003"/>
</testsuite> <!-- Demo.TestpriorityDemo -->
