<?xml version="1.0" encoding="UTF-8"?>
<!-- Generated by org.testng.reporters.JUnitReportReporter -->
<testsuite hostname="EGYPID-Amnabil" failures="0" tests="1" name="Demo.TestNGParamterizationDemo" time="0.019" errors="0" timestamp="02 Dec 2019 11:01:05 GMT" skipped="0">
  <testcase classname="Demo.TestNGParamterizationDemo" name="Test" time="0.019"/>
</testsuite> <!-- Demo.TestNGParamterizationDemo -->
