<?xml version="1.0" encoding="UTF-8"?>
<!-- Generated by org.testng.reporters.JUnitReportReporter -->
<testsuite hostname="EGYPID-Amnabil" failures="0" tests="3" name="Demo.TestNGdependenecyDemo" time="0.013" errors="0" timestamp="02 Dec 2019 19:04:17 GMT" skipped="0">
  <testcase classname="Demo.TestNGdependenecyDemo" name="Test1" time="0.001"/>
  <testcase classname="Demo.TestNGdependenecyDemo" name="Test2" time="0.011"/>
  <testcase classname="Demo.TestNGdependenecyDemo" name="Test3" time="0.001"/>
</testsuite> <!-- Demo.TestNGdependenecyDemo -->
